------------------------------------------------------------------------------------
Date: 4/17/2024 -- 15:34:07 (uptime: 0d, 00h 00m 23s)
------------------------------------------------------------------------------------
Counter                                       | TM Name                   | Value
------------------------------------------------------------------------------------
capture.afpacket.polls                        | Total                     | 453
capture.afpacket.poll_timeout                 | Total                     | 453
flow.mgr.rows_per_sec                         | Total                     | 6553
flow.spare                                    | Total                     | 10000
memcap_pressure                               | Total                     | 7
memcap_pressure_max                           | Total                     | 7
tcp.memuse                                    | Total                     | 4849664
tcp.reassembly_memuse                         | Total                     | 917504
flow.memuse                                   | Total                     | 7234304
------------------------------------------------------------------------------------
Date: 4/17/2024 -- 15:34:15 (uptime: 0d, 00h 00m 31s)
------------------------------------------------------------------------------------
Counter                                       | TM Name                   | Value
------------------------------------------------------------------------------------
capture.afpacket.polls                        | Total                     | 1171
capture.afpacket.poll_timeout                 | Total                     | 1171
flow.mgr.full_hash_pass                       | Total                     | 1
flow.mgr.rows_per_sec                         | Total                     | 6553
flow.spare                                    | Total                     | 10000
memcap_pressure                               | Total                     | 7
memcap_pressure_max                           | Total                     | 7
tcp.memuse                                    | Total                     | 4849664
tcp.reassembly_memuse                         | Total                     | 917504
flow.memuse                                   | Total                     | 7234304
------------------------------------------------------------------------------------
Date: 4/17/2024 -- 15:34:23 (uptime: 0d, 00h 00m 39s)
------------------------------------------------------------------------------------
Counter                                       | TM Name                   | Value
------------------------------------------------------------------------------------
capture.afpacket.polls                        | Total                     | 1651
capture.afpacket.poll_timeout                 | Total                     | 1651
flow.mgr.full_hash_pass                       | Total                     | 2
flow.mgr.rows_per_sec                         | Total                     | 6553
flow.spare                                    | Total                     | 10000
memcap_pressure                               | Total                     | 7
memcap_pressure_max                           | Total                     | 7
tcp.memuse                                    | Total                     | 4849664
tcp.reassembly_memuse                         | Total                     | 917504
flow.memuse                                   | Total                     | 7234304
------------------------------------------------------------------------------------
Date: 4/17/2024 -- 15:34:31 (uptime: 0d, 00h 00m 47s)
------------------------------------------------------------------------------------
Counter                                       | TM Name                   | Value
------------------------------------------------------------------------------------
capture.afpacket.polls                        | Total                     | 2368
capture.afpacket.poll_timeout                 | Total                     | 2368
flow.mgr.full_hash_pass                       | Total                     | 3
flow.mgr.rows_per_sec                         | Total                     | 6553
flow.spare                                    | Total                     | 10000
memcap_pressure                               | Total                     | 7
memcap_pressure_max                           | Total                     | 7
tcp.memuse                                    | Total                     | 4849664
tcp.reassembly_memuse                         | Total                     | 917504
flow.memuse                                   | Total                     | 7234304
------------------------------------------------------------------------------------
Date: 4/17/2024 -- 15:34:39 (uptime: 0d, 00h 00m 55s)
------------------------------------------------------------------------------------
Counter                                       | TM Name                   | Value
------------------------------------------------------------------------------------
capture.afpacket.polls                        | Total                     | 3086
capture.afpacket.poll_timeout                 | Total                     | 3086
flow.mgr.full_hash_pass                       | Total                     | 3
flow.mgr.rows_per_sec                         | Total                     | 6553
flow.spare                                    | Total                     | 10000
memcap_pressure                               | Total                     | 7
memcap_pressure_max                           | Total                     | 7
tcp.memuse                                    | Total                     | 4849664
tcp.reassembly_memuse                         | Total                     | 917504
flow.memuse                                   | Total                     | 7234304
------------------------------------------------------------------------------------
Date: 4/17/2024 -- 15:34:47 (uptime: 0d, 00h 01m 03s)
------------------------------------------------------------------------------------
Counter                                       | TM Name                   | Value
------------------------------------------------------------------------------------
capture.afpacket.polls                        | Total                     | 3595
capture.afpacket.poll_timeout                 | Total                     | 3595
flow.mgr.full_hash_pass                       | Total                     | 4
flow.mgr.rows_per_sec                         | Total                     | 6553
flow.spare                                    | Total                     | 10000
memcap_pressure                               | Total                     | 7
memcap_pressure_max                           | Total                     | 7
tcp.memuse                                    | Total                     | 4849664
tcp.reassembly_memuse                         | Total                     | 917504
flow.memuse                                   | Total                     | 7234304
------------------------------------------------------------------------------------
Date: 4/17/2024 -- 15:34:55 (uptime: 0d, 00h 01m 11s)
------------------------------------------------------------------------------------
Counter                                       | TM Name                   | Value
------------------------------------------------------------------------------------
capture.afpacket.polls                        | Total                     | 4285
capture.afpacket.poll_timeout                 | Total                     | 4285
flow.mgr.full_hash_pass                       | Total                     | 5
flow.mgr.rows_per_sec                         | Total                     | 6553
flow.spare                                    | Total                     | 10000
memcap_pressure                               | Total                     | 7
memcap_pressure_max                           | Total                     | 7
tcp.memuse                                    | Total                     | 4849664
tcp.reassembly_memuse                         | Total                     | 917504
flow.memuse                                   | Total                     | 7234304
------------------------------------------------------------------------------------
Date: 4/17/2024 -- 15:35:03 (uptime: 0d, 00h 01m 19s)
------------------------------------------------------------------------------------
Counter                                       | TM Name                   | Value
------------------------------------------------------------------------------------
capture.afpacket.polls                        | Total                     | 5003
capture.afpacket.poll_timeout                 | Total                     | 5003
flow.mgr.full_hash_pass                       | Total                     | 6
flow.mgr.rows_per_sec                         | Total                     | 6553
flow.spare                                    | Total                     | 10000
memcap_pressure                               | Total                     | 7
memcap_pressure_max                           | Total                     | 7
tcp.memuse                                    | Total                     | 4849664
tcp.reassembly_memuse                         | Total                     | 917504
flow.memuse                                   | Total                     | 7234304
------------------------------------------------------------------------------------
Date: 4/17/2024 -- 15:35:05 (uptime: 0d, 00h 01m 21s)
------------------------------------------------------------------------------------
Counter                                       | TM Name                   | Value
------------------------------------------------------------------------------------
capture.afpacket.polls                        | Total                     | 5222
capture.afpacket.poll_timeout                 | Total                     | 5214
flow.mgr.full_hash_pass                       | Total                     | 6
flow.mgr.rows_per_sec                         | Total                     | 6553
flow.spare                                    | Total                     | 10000
memcap_pressure                               | Total                     | 7
memcap_pressure_max                           | Total                     | 7
tcp.memuse                                    | Total                     | 4849664
tcp.reassembly_memuse                         | Total                     | 917504
flow.memuse                                   | Total                     | 7234304
------------------------------------------------------------------------------------
Date: 4/17/2024 -- 16:39:27 (uptime: 0d, 00h 00m 24s)
------------------------------------------------------------------------------------
Counter                                       | TM Name                   | Value
------------------------------------------------------------------------------------
capture.afpacket.polls                        | Total                     | 449
capture.afpacket.poll_timeout                 | Total                     | 449
flow.mgr.rows_per_sec                         | Total                     | 6553
flow.spare                                    | Total                     | 10000
memcap_pressure                               | Total                     | 7
memcap_pressure_max                           | Total                     | 7
tcp.memuse                                    | Total                     | 4849664
tcp.reassembly_memuse                         | Total                     | 917504
flow.memuse                                   | Total                     | 7234304
------------------------------------------------------------------------------------
Date: 4/17/2024 -- 16:39:35 (uptime: 0d, 00h 00m 32s)
------------------------------------------------------------------------------------
Counter                                       | TM Name                   | Value
------------------------------------------------------------------------------------
capture.afpacket.polls                        | Total                     | 1167
capture.afpacket.poll_timeout                 | Total                     | 1167
flow.mgr.full_hash_pass                       | Total                     | 1
flow.mgr.rows_per_sec                         | Total                     | 6553
flow.spare                                    | Total                     | 10000
memcap_pressure                               | Total                     | 7
memcap_pressure_max                           | Total                     | 7
tcp.memuse                                    | Total                     | 4849664
tcp.reassembly_memuse                         | Total                     | 917504
flow.memuse                                   | Total                     | 7234304
------------------------------------------------------------------------------------
Date: 4/17/2024 -- 16:39:43 (uptime: 0d, 00h 00m 40s)
------------------------------------------------------------------------------------
Counter                                       | TM Name                   | Value
------------------------------------------------------------------------------------
capture.afpacket.polls                        | Total                     | 1647
capture.afpacket.poll_timeout                 | Total                     | 1647
flow.mgr.full_hash_pass                       | Total                     | 2
flow.mgr.rows_per_sec                         | Total                     | 6553
flow.spare                                    | Total                     | 10000
memcap_pressure                               | Total                     | 7
memcap_pressure_max                           | Total                     | 7
tcp.memuse                                    | Total                     | 4849664
tcp.reassembly_memuse                         | Total                     | 917504
flow.memuse                                   | Total                     | 7234304
------------------------------------------------------------------------------------
Date: 4/17/2024 -- 16:39:51 (uptime: 0d, 00h 00m 48s)
------------------------------------------------------------------------------------
Counter                                       | TM Name                   | Value
------------------------------------------------------------------------------------
capture.afpacket.polls                        | Total                     | 2367
capture.afpacket.poll_timeout                 | Total                     | 2367
flow.mgr.full_hash_pass                       | Total                     | 3
flow.mgr.rows_per_sec                         | Total                     | 6553
flow.spare                                    | Total                     | 10000
memcap_pressure                               | Total                     | 7
memcap_pressure_max                           | Total                     | 7
tcp.memuse                                    | Total                     | 4849664
tcp.reassembly_memuse                         | Total                     | 917504
flow.memuse                                   | Total                     | 7234304
------------------------------------------------------------------------------------
Date: 4/17/2024 -- 16:39:59 (uptime: 0d, 00h 00m 56s)
------------------------------------------------------------------------------------
Counter                                       | TM Name                   | Value
------------------------------------------------------------------------------------
capture.afpacket.polls                        | Total                     | 3083
capture.afpacket.poll_timeout                 | Total                     | 3083
flow.mgr.full_hash_pass                       | Total                     | 3
flow.mgr.rows_per_sec                         | Total                     | 6553
flow.spare                                    | Total                     | 10000
memcap_pressure                               | Total                     | 7
memcap_pressure_max                           | Total                     | 7
tcp.memuse                                    | Total                     | 4849664
tcp.reassembly_memuse                         | Total                     | 917504
flow.memuse                                   | Total                     | 7234304
------------------------------------------------------------------------------------
Date: 4/17/2024 -- 16:40:07 (uptime: 0d, 00h 01m 04s)
------------------------------------------------------------------------------------
Counter                                       | TM Name                   | Value
------------------------------------------------------------------------------------
capture.afpacket.polls                        | Total                     | 3563
capture.afpacket.poll_timeout                 | Total                     | 3563
flow.mgr.full_hash_pass                       | Total                     | 4
flow.mgr.rows_per_sec                         | Total                     | 6553
flow.spare                                    | Total                     | 10000
memcap_pressure                               | Total                     | 7
memcap_pressure_max                           | Total                     | 7
tcp.memuse                                    | Total                     | 4849664
tcp.reassembly_memuse                         | Total                     | 917504
flow.memuse                                   | Total                     | 7234304
------------------------------------------------------------------------------------
Date: 4/17/2024 -- 16:40:15 (uptime: 0d, 00h 01m 12s)
------------------------------------------------------------------------------------
Counter                                       | TM Name                   | Value
------------------------------------------------------------------------------------
capture.afpacket.polls                        | Total                     | 4283
capture.afpacket.poll_timeout                 | Total                     | 4283
flow.mgr.full_hash_pass                       | Total                     | 5
flow.mgr.rows_per_sec                         | Total                     | 6553
flow.spare                                    | Total                     | 10000
memcap_pressure                               | Total                     | 7
memcap_pressure_max                           | Total                     | 7
tcp.memuse                                    | Total                     | 4849664
tcp.reassembly_memuse                         | Total                     | 917504
flow.memuse                                   | Total                     | 7234304
------------------------------------------------------------------------------------
Date: 4/17/2024 -- 16:40:23 (uptime: 0d, 00h 01m 20s)
------------------------------------------------------------------------------------
Counter                                       | TM Name                   | Value
------------------------------------------------------------------------------------
capture.afpacket.polls                        | Total                     | 5000
capture.afpacket.poll_timeout                 | Total                     | 5000
flow.mgr.full_hash_pass                       | Total                     | 6
flow.mgr.rows_per_sec                         | Total                     | 6553
flow.spare                                    | Total                     | 10000
memcap_pressure                               | Total                     | 7
memcap_pressure_max                           | Total                     | 7
tcp.memuse                                    | Total                     | 4849664
tcp.reassembly_memuse                         | Total                     | 917504
flow.memuse                                   | Total                     | 7234304
------------------------------------------------------------------------------------
Date: 4/17/2024 -- 16:40:31 (uptime: 0d, 00h 01m 28s)
------------------------------------------------------------------------------------
Counter                                       | TM Name                   | Value
------------------------------------------------------------------------------------
capture.afpacket.polls                        | Total                     | 5509
capture.afpacket.poll_timeout                 | Total                     | 5509
flow.mgr.full_hash_pass                       | Total                     | 6
flow.mgr.rows_per_sec                         | Total                     | 6553
flow.spare                                    | Total                     | 10000
memcap_pressure                               | Total                     | 7
memcap_pressure_max                           | Total                     | 7
tcp.memuse                                    | Total                     | 4849664
tcp.reassembly_memuse                         | Total                     | 917504
flow.memuse                                   | Total                     | 7234304
------------------------------------------------------------------------------------
Date: 4/17/2024 -- 16:40:39 (uptime: 0d, 00h 01m 36s)
------------------------------------------------------------------------------------
Counter                                       | TM Name                   | Value
------------------------------------------------------------------------------------
capture.afpacket.polls                        | Total                     | 6199
capture.afpacket.poll_timeout                 | Total                     | 6199
flow.mgr.full_hash_pass                       | Total                     | 7
flow.mgr.rows_per_sec                         | Total                     | 6553
flow.spare                                    | Total                     | 10000
memcap_pressure                               | Total                     | 7
memcap_pressure_max                           | Total                     | 7
tcp.memuse                                    | Total                     | 4849664
tcp.reassembly_memuse                         | Total                     | 917504
flow.memuse                                   | Total                     | 7234304
------------------------------------------------------------------------------------
Date: 4/17/2024 -- 16:40:47 (uptime: 0d, 00h 01m 44s)
------------------------------------------------------------------------------------
Counter                                       | TM Name                   | Value
------------------------------------------------------------------------------------
capture.afpacket.polls                        | Total                     | 6917
capture.afpacket.poll_timeout                 | Total                     | 6917
flow.mgr.full_hash_pass                       | Total                     | 8
flow.mgr.rows_per_sec                         | Total                     | 6553
flow.spare                                    | Total                     | 10000
memcap_pressure                               | Total                     | 7
memcap_pressure_max                           | Total                     | 7
tcp.memuse                                    | Total                     | 4849664
tcp.reassembly_memuse                         | Total                     | 917504
flow.memuse                                   | Total                     | 7234304
------------------------------------------------------------------------------------
Date: 4/17/2024 -- 16:40:55 (uptime: 0d, 00h 01m 52s)
------------------------------------------------------------------------------------
Counter                                       | TM Name                   | Value
------------------------------------------------------------------------------------
capture.afpacket.polls                        | Total                     | 7455
capture.afpacket.poll_timeout                 | Total                     | 7455
flow.mgr.full_hash_pass                       | Total                     | 9
flow.mgr.rows_per_sec                         | Total                     | 6553
flow.spare                                    | Total                     | 10000
memcap_pressure                               | Total                     | 7
memcap_pressure_max                           | Total                     | 7
tcp.memuse                                    | Total                     | 4849664
tcp.reassembly_memuse                         | Total                     | 917504
flow.memuse                                   | Total                     | 7234304
------------------------------------------------------------------------------------
Date: 4/17/2024 -- 16:41:03 (uptime: 0d, 00h 02m 00s)
------------------------------------------------------------------------------------
Counter                                       | TM Name                   | Value
------------------------------------------------------------------------------------
capture.afpacket.polls                        | Total                     | 8115
capture.afpacket.poll_timeout                 | Total                     | 8115
flow.mgr.full_hash_pass                       | Total                     | 10
flow.mgr.rows_per_sec                         | Total                     | 6553
flow.spare                                    | Total                     | 10000
memcap_pressure                               | Total                     | 7
memcap_pressure_max                           | Total                     | 7
tcp.memuse                                    | Total                     | 4849664
tcp.reassembly_memuse                         | Total                     | 917504
flow.memuse                                   | Total                     | 7234304
------------------------------------------------------------------------------------
Date: 4/17/2024 -- 16:41:11 (uptime: 0d, 00h 02m 08s)
------------------------------------------------------------------------------------
Counter                                       | TM Name                   | Value
------------------------------------------------------------------------------------
capture.afpacket.polls                        | Total                     | 8835
capture.afpacket.poll_timeout                 | Total                     | 8835
flow.mgr.full_hash_pass                       | Total                     | 11
flow.mgr.rows_per_sec                         | Total                     | 6553
flow.spare                                    | Total                     | 10000
memcap_pressure                               | Total                     | 7
memcap_pressure_max                           | Total                     | 7
tcp.memuse                                    | Total                     | 4849664
tcp.reassembly_memuse                         | Total                     | 917504
flow.memuse                                   | Total                     | 7234304
------------------------------------------------------------------------------------
Date: 4/17/2024 -- 16:41:19 (uptime: 0d, 00h 02m 16s)
------------------------------------------------------------------------------------
Counter                                       | TM Name                   | Value
------------------------------------------------------------------------------------
capture.afpacket.polls                        | Total                     | 9431
capture.afpacket.poll_timeout                 | Total                     | 9431
flow.mgr.full_hash_pass                       | Total                     | 11
flow.mgr.rows_per_sec                         | Total                     | 6553
flow.spare                                    | Total                     | 10000
memcap_pressure                               | Total                     | 7
memcap_pressure_max                           | Total                     | 7
tcp.memuse                                    | Total                     | 4849664
tcp.reassembly_memuse                         | Total                     | 917504
flow.memuse                                   | Total                     | 7234304
------------------------------------------------------------------------------------
Date: 4/17/2024 -- 16:41:27 (uptime: 0d, 00h 02m 24s)
------------------------------------------------------------------------------------
Counter                                       | TM Name                   | Value
------------------------------------------------------------------------------------
capture.afpacket.polls                        | Total                     | 10031
capture.afpacket.poll_timeout                 | Total                     | 10031
flow.mgr.full_hash_pass                       | Total                     | 12
flow.mgr.rows_per_sec                         | Total                     | 6553
flow.spare                                    | Total                     | 10000
memcap_pressure                               | Total                     | 7
memcap_pressure_max                           | Total                     | 7
tcp.memuse                                    | Total                     | 4849664
tcp.reassembly_memuse                         | Total                     | 917504
flow.memuse                                   | Total                     | 7234304
------------------------------------------------------------------------------------
Date: 4/17/2024 -- 16:41:35 (uptime: 0d, 00h 02m 32s)
------------------------------------------------------------------------------------
Counter                                       | TM Name                   | Value
------------------------------------------------------------------------------------
capture.afpacket.polls                        | Total                     | 10751
capture.afpacket.poll_timeout                 | Total                     | 10751
flow.mgr.full_hash_pass                       | Total                     | 13
flow.mgr.rows_per_sec                         | Total                     | 6553
flow.spare                                    | Total                     | 10000
memcap_pressure                               | Total                     | 7
memcap_pressure_max                           | Total                     | 7
tcp.memuse                                    | Total                     | 4849664
tcp.reassembly_memuse                         | Total                     | 917504
flow.memuse                                   | Total                     | 7234304
------------------------------------------------------------------------------------
Date: 4/17/2024 -- 16:41:43 (uptime: 0d, 00h 02m 40s)
------------------------------------------------------------------------------------
Counter                                       | TM Name                   | Value
------------------------------------------------------------------------------------
capture.afpacket.polls                        | Total                     | 11347
capture.afpacket.poll_timeout                 | Total                     | 11347
flow.mgr.full_hash_pass                       | Total                     | 14
flow.mgr.rows_per_sec                         | Total                     | 6553
flow.spare                                    | Total                     | 10000
memcap_pressure                               | Total                     | 7
memcap_pressure_max                           | Total                     | 7
tcp.memuse                                    | Total                     | 4849664
tcp.reassembly_memuse                         | Total                     | 917504
flow.memuse                                   | Total                     | 7234304
------------------------------------------------------------------------------------
Date: 4/17/2024 -- 16:41:51 (uptime: 0d, 00h 02m 48s)
------------------------------------------------------------------------------------
Counter                                       | TM Name                   | Value
------------------------------------------------------------------------------------
capture.afpacket.polls                        | Total                     | 11947
capture.afpacket.poll_timeout                 | Total                     | 11947
flow.mgr.full_hash_pass                       | Total                     | 15
flow.mgr.rows_per_sec                         | Total                     | 6553
flow.spare                                    | Total                     | 10000
memcap_pressure                               | Total                     | 7
memcap_pressure_max                           | Total                     | 7
tcp.memuse                                    | Total                     | 4849664
tcp.reassembly_memuse                         | Total                     | 917504
flow.memuse                                   | Total                     | 7234304
------------------------------------------------------------------------------------
Date: 4/17/2024 -- 16:41:59 (uptime: 0d, 00h 02m 56s)
------------------------------------------------------------------------------------
Counter                                       | TM Name                   | Value
------------------------------------------------------------------------------------
capture.afpacket.polls                        | Total                     | 12667
capture.afpacket.poll_timeout                 | Total                     | 12667
flow.mgr.full_hash_pass                       | Total                     | 15
flow.mgr.rows_per_sec                         | Total                     | 6553
flow.spare                                    | Total                     | 10000
memcap_pressure                               | Total                     | 7
memcap_pressure_max                           | Total                     | 7
tcp.memuse                                    | Total                     | 4849664
tcp.reassembly_memuse                         | Total                     | 917504
flow.memuse                                   | Total                     | 7234304
------------------------------------------------------------------------------------
Date: 4/17/2024 -- 16:42:07 (uptime: 0d, 00h 03m 04s)
------------------------------------------------------------------------------------
Counter                                       | TM Name                   | Value
------------------------------------------------------------------------------------
capture.afpacket.polls                        | Total                     | 13263
capture.afpacket.poll_timeout                 | Total                     | 13263
flow.mgr.full_hash_pass                       | Total                     | 16
flow.mgr.rows_per_sec                         | Total                     | 6553
flow.spare                                    | Total                     | 10000
memcap_pressure                               | Total                     | 7
memcap_pressure_max                           | Total                     | 7
tcp.memuse                                    | Total                     | 4849664
tcp.reassembly_memuse                         | Total                     | 917504
flow.memuse                                   | Total                     | 7234304
------------------------------------------------------------------------------------
Date: 4/17/2024 -- 16:42:14 (uptime: 0d, 00h 03m 11s)
------------------------------------------------------------------------------------
Counter                                       | TM Name                   | Value
------------------------------------------------------------------------------------
capture.afpacket.polls                        | Total                     | 13895
capture.afpacket.poll_timeout                 | Total                     | 13887
flow.mgr.full_hash_pass                       | Total                     | 17
flow.mgr.rows_per_sec                         | Total                     | 6553
flow.spare                                    | Total                     | 10000
memcap_pressure                               | Total                     | 7
memcap_pressure_max                           | Total                     | 7
tcp.memuse                                    | Total                     | 4849664
tcp.reassembly_memuse                         | Total                     | 917504
flow.memuse                                   | Total                     | 7234304
