[1 - Suricata-Main] 2024-04-17 15:33:44 Notice: suricata: This is Suricata version 7.0.4 RELEASE running in SYSTEM mode
[1 - Suricata-Main] 2024-04-17 15:33:44 Info: cpu: CPUs/cores online: 8
[1 - Suricata-Main] 2024-04-17 15:33:44 Info: suricata: Setting engine mode to IDS mode by default
[1 - Suricata-Main] 2024-04-17 15:33:44 Info: exception-policy: master exception-policy set to: auto
[1 - Suricata-Main] 2024-04-17 15:33:44 Info: ioctl: docker0: MTU 1500
[1 - Suricata-Main] 2024-04-17 15:33:44 Info: conf: Running in live mode, activating unix socket
[1 - Suricata-Main] 2024-04-17 15:33:44 Info: logopenfile: fast output device (regular) initialized: fast.log
[1 - Suricata-Main] 2024-04-17 15:33:44 Info: logopenfile: eve-log output device (regular) initialized: eve.json
[1 - Suricata-Main] 2024-04-17 15:33:44 Info: logopenfile: stats output device (regular) initialized: stats.log
[1 - Suricata-Main] 2024-04-17 15:33:48 Info: detect: 1 rule files processed. 37108 rules successfully loaded, 0 rules failed, 0
[1 - Suricata-Main] 2024-04-17 15:33:48 Info: threshold-config: Threshold config parsed: 0 rule(s) found
[1 - Suricata-Main] 2024-04-17 15:33:48 Info: detect: 37111 signatures processed. 1160 are IP-only rules, 4943 are inspecting packet payload, 30796 inspect application layer, 108 are decoder event only
[1 - Suricata-Main] 2024-04-17 15:33:59 Warning: ioctl: docker0: failed to set SIOCETHTOOL ioctl: Operation not permitted
[1 - Suricata-Main] 2024-04-17 15:33:59 Warning: ioctl: docker0: failed to set SIOCETHTOOL ioctl: Operation not permitted
[1 - Suricata-Main] 2024-04-17 15:33:59 Warning: ioctl: docker0: failed to set SIOCETHTOOL ioctl: Operation not permitted
[1 - Suricata-Main] 2024-04-17 15:33:59 Warning: ioctl: docker0: failed to set SIOCETHTOOL ioctl: Operation not permitted
[1 - Suricata-Main] 2024-04-17 15:33:59 Info: runmodes: docker0: creating 8 threads
[1 - Suricata-Main] 2024-04-17 15:33:59 Info: unix-manager: unix socket '/var/run/suricata/suricata-command.socket'
[1 - Suricata-Main] 2024-04-17 15:34:00 Notice: threads: Threads created -> W: 8 FM: 1 FR: 1   Engine started.
[1 - Suricata-Main] 2024-04-17 15:35:05 Notice: suricata: Signal Received.  Stopping engine.
[1 - Suricata-Main] 2024-04-17 15:35:05 Info: suricata: time elapsed 65.970s
[1 - Suricata-Main] 2024-04-17 15:35:05 Info: counters: Alerts: 0
[1 - Suricata-Main] 2024-04-17 15:35:06 Notice: device: docker0: packets: 0, drops: 0 (0.00%), invalid chksum: 0
[1 - Suricata-Main] 2024-04-17 15:35:06 Warning: ioctl: docker0: failed to set SIOCETHTOOL ioctl: Operation not permitted
[1 - Suricata-Main] 2024-04-17 15:35:06 Warning: ioctl: docker0: failed to set SIOCETHTOOL ioctl: Operation not permitted
[1 - Suricata-Main] 2024-04-17 15:35:06 Warning: ioctl: docker0: failed to set SIOCETHTOOL ioctl: Operation not permitted
[1 - Suricata-Main] 2024-04-17 15:35:06 Warning: ioctl: docker0: failed to set SIOCETHTOOL ioctl: Operation not permitted
[1 - Suricata-Main] 2024-04-17 16:39:03 Notice: suricata: This is Suricata version 7.0.4 RELEASE running in SYSTEM mode
[1 - Suricata-Main] 2024-04-17 16:39:03 Info: cpu: CPUs/cores online: 8
[1 - Suricata-Main] 2024-04-17 16:39:03 Info: suricata: Setting engine mode to IDS mode by default
[1 - Suricata-Main] 2024-04-17 16:39:03 Info: exception-policy: master exception-policy set to: auto
[1 - Suricata-Main] 2024-04-17 16:39:03 Info: ioctl: docker0: MTU 1500
[1 - Suricata-Main] 2024-04-17 16:39:03 Info: conf: Running in live mode, activating unix socket
[1 - Suricata-Main] 2024-04-17 16:39:03 Info: logopenfile: fast output device (regular) initialized: fast.log
[1 - Suricata-Main] 2024-04-17 16:39:03 Info: logopenfile: eve-log output device (regular) initialized: eve.json
[1 - Suricata-Main] 2024-04-17 16:39:03 Info: logopenfile: stats output device (regular) initialized: stats.log
[1 - Suricata-Main] 2024-04-17 16:39:07 Info: detect: 1 rule files processed. 37108 rules successfully loaded, 0 rules failed, 0
[1 - Suricata-Main] 2024-04-17 16:39:07 Info: threshold-config: Threshold config parsed: 0 rule(s) found
[1 - Suricata-Main] 2024-04-17 16:39:07 Info: detect: 37111 signatures processed. 1160 are IP-only rules, 4943 are inspecting packet payload, 30796 inspect application layer, 108 are decoder event only
[1 - Suricata-Main] 2024-04-17 16:39:19 Warning: ioctl: docker0: failed to set SIOCETHTOOL ioctl: Operation not permitted
[1 - Suricata-Main] 2024-04-17 16:39:19 Warning: ioctl: docker0: failed to set SIOCETHTOOL ioctl: Operation not permitted
[1 - Suricata-Main] 2024-04-17 16:39:19 Warning: ioctl: docker0: failed to set SIOCETHTOOL ioctl: Operation not permitted
[1 - Suricata-Main] 2024-04-17 16:39:19 Warning: ioctl: docker0: failed to set SIOCETHTOOL ioctl: Operation not permitted
[1 - Suricata-Main] 2024-04-17 16:39:19 Info: runmodes: docker0: creating 8 threads
[1 - Suricata-Main] 2024-04-17 16:39:19 Info: unix-manager: unix socket '/var/run/suricata/suricata-command.socket'
[1 - Suricata-Main] 2024-04-17 16:39:19 Notice: threads: Threads created -> W: 8 FM: 1 FR: 1   Engine started.
[1 - Suricata-Main] 2024-04-17 16:42:13 Notice: suricata: Signal Received.  Stopping engine.
[1 - Suricata-Main] 2024-04-17 16:42:13 Info: suricata: time elapsed 174.656s
[1 - Suricata-Main] 2024-04-17 16:42:14 Info: counters: Alerts: 0
[1 - Suricata-Main] 2024-04-17 16:42:14 Notice: device: docker0: packets: 0, drops: 0 (0.00%), invalid chksum: 0
[1 - Suricata-Main] 2024-04-17 16:42:14 Warning: ioctl: docker0: failed to set SIOCETHTOOL ioctl: Operation not permitted
[1 - Suricata-Main] 2024-04-17 16:42:14 Warning: ioctl: docker0: failed to set SIOCETHTOOL ioctl: Operation not permitted
[1 - Suricata-Main] 2024-04-17 16:42:14 Warning: ioctl: docker0: failed to set SIOCETHTOOL ioctl: Operation not permitted
[1 - Suricata-Main] 2024-04-17 16:42:14 Warning: ioctl: docker0: failed to set SIOCETHTOOL ioctl: Operation not permitted
